2015/12/01 07:21:48 [error] [exception.CDbException] exception 'CDbException' with message 'CDbConnection failed to open the DB connection: SQLSTATE[HY000] [1049] Unknown database 'music_player'' in D:\server\xampp\htdocs\framework\db\CDbConnection.php:399
Stack trace:
#0 D:\server\xampp\htdocs\framework\db\CDbConnection.php(347): CDbConnection->open()
#1 D:\server\xampp\htdocs\framework\db\CDbConnection.php(325): CDbConnection->setActive(true)
#2 D:\server\xampp\htdocs\framework\base\CModule.php(394): CDbConnection->init()
#3 D:\server\xampp\htdocs\framework\base\CModule.php(103): CModule->getComponent('db')
#4 D:\server\xampp\htdocs\framework\gii\generators\model\ModelCode.php(60): CModule->__get('db')
#5 D:\server\xampp\htdocs\framework\web\CFormModel.php(39): ModelCode->init()
#6 D:\server\xampp\htdocs\framework\gii\CCodeGenerator.php(153): CFormModel->__construct()
#7 D:\server\xampp\htdocs\framework\gii\CCodeGenerator.php(63): CCodeGenerator->prepare()
#8 D:\server\xampp\htdocs\framework\web\actions\CInlineAction.php(49): CCodeGenerator->actionIndex()
#9 D:\server\xampp\htdocs\framework\web\CController.php(308): CInlineAction->runWithParams(Array)
#10 D:\server\xampp\htdocs\framework\web\CController.php(286): CController->runAction(Object(CInlineAction))
#11 D:\server\xampp\htdocs\framework\web\CController.php(265): CController->runActionWithFilters(Object(CInlineAction), Array)
#12 D:\server\xampp\htdocs\framework\web\CWebApplication.php(282): CController->run('index')
#13 D:\server\xampp\htdocs\framework\web\CWebApplication.php(141): CWebApplication->runController('gii/model/index')
#14 D:\server\xampp\htdocs\framework\base\CApplication.php(184): CWebApplication->processRequest()
#15 D:\server\xampp\htdocs\music-player\index.php(13): CApplication->run()
#16 {main}
REQUEST_URI=/music-player/index.php?r=gii/model/index
HTTP_REFERER=http://localhost/music-player/index.php?r=gii/default/index
---
2015/12/01 08:11:56 [error] [php] Trying to get property of non-object (D:\server\xampp\htdocs\music-player\protected\views\layouts\main.php:18)
Stack trace:
#0 D:\server\xampp\htdocs\framework\web\widgets\CContentDecorator.php(76): SiteController->renderFile()
#1 D:\server\xampp\htdocs\framework\web\widgets\CContentDecorator.php(54): CContentDecorator->decorate()
#2 D:\server\xampp\htdocs\framework\web\widgets\COutputProcessor.php(44): CContentDecorator->processOutput()
#3 D:\server\xampp\htdocs\framework\web\CBaseController.php(214): CContentDecorator->run()
#4 D:\server\xampp\htdocs\framework\web\CBaseController.php(308): SiteController->endWidget()
#5 D:\server\xampp\htdocs\music-player\protected\views\layouts\column1.php(6): SiteController->endContent()
#6 D:\server\xampp\htdocs\framework\web\CBaseController.php(126): require()
#7 D:\server\xampp\htdocs\framework\web\CBaseController.php(95): SiteController->renderInternal()
#8 D:\server\xampp\htdocs\framework\web\CController.php(784): SiteController->renderFile()
#9 D:\server\xampp\htdocs\music-player\protected\controllers\SiteController.php(32): SiteController->render()
#10 D:\server\xampp\htdocs\framework\web\actions\CInlineAction.php(49): SiteController->actionIndex()
#11 D:\server\xampp\htdocs\framework\web\CController.php(308): CInlineAction->runWithParams()
#12 D:\server\xampp\htdocs\framework\web\CController.php(286): SiteController->runAction()
#13 D:\server\xampp\htdocs\framework\web\CController.php(265): SiteController->runActionWithFilters()
#14 D:\server\xampp\htdocs\framework\web\CWebApplication.php(282): SiteController->run()
#15 D:\server\xampp\htdocs\framework\web\CWebApplication.php(141): CWebApplication->runController()
#16 D:\server\xampp\htdocs\framework\base\CApplication.php(184): CWebApplication->processRequest()
#17 D:\server\xampp\htdocs\music-player\index.php(13): CWebApplication->run()
REQUEST_URI=/music-player/
in D:\server\xampp\htdocs\music-player\protected\views\layouts\main.php (18)
in D:\server\xampp\htdocs\music-player\protected\views\layouts\column1.php (6)
in D:\server\xampp\htdocs\music-player\protected\controllers\SiteController.php (32)
2015/12/01 08:13:07 [error] [php] Trying to get property of non-object (D:\server\xampp\htdocs\music-player\protected\views\layouts\main.php:18)
Stack trace:
#0 D:\server\xampp\htdocs\framework\web\widgets\CContentDecorator.php(76): SiteController->renderFile()
#1 D:\server\xampp\htdocs\framework\web\widgets\CContentDecorator.php(54): CContentDecorator->decorate()
#2 D:\server\xampp\htdocs\framework\web\widgets\COutputProcessor.php(44): CContentDecorator->processOutput()
#3 D:\server\xampp\htdocs\framework\web\CBaseController.php(214): CContentDecorator->run()
#4 D:\server\xampp\htdocs\framework\web\CBaseController.php(308): SiteController->endWidget()
#5 D:\server\xampp\htdocs\music-player\protected\views\layouts\column1.php(6): SiteController->endContent()
#6 D:\server\xampp\htdocs\framework\web\CBaseController.php(126): require()
#7 D:\server\xampp\htdocs\framework\web\CBaseController.php(95): SiteController->renderInternal()
#8 D:\server\xampp\htdocs\framework\web\CController.php(784): SiteController->renderFile()
#9 D:\server\xampp\htdocs\music-player\protected\controllers\SiteController.php(32): SiteController->render()
#10 D:\server\xampp\htdocs\framework\web\actions\CInlineAction.php(49): SiteController->actionIndex()
#11 D:\server\xampp\htdocs\framework\web\CController.php(308): CInlineAction->runWithParams()
#12 D:\server\xampp\htdocs\framework\web\CController.php(286): SiteController->runAction()
#13 D:\server\xampp\htdocs\framework\web\CController.php(265): SiteController->runActionWithFilters()
#14 D:\server\xampp\htdocs\framework\web\CWebApplication.php(282): SiteController->run()
#15 D:\server\xampp\htdocs\framework\web\CWebApplication.php(141): CWebApplication->runController()
#16 D:\server\xampp\htdocs\framework\base\CApplication.php(184): CWebApplication->processRequest()
#17 D:\server\xampp\htdocs\music-player\index.php(13): CWebApplication->run()
REQUEST_URI=/music-player/
in D:\server\xampp\htdocs\music-player\protected\views\layouts\main.php (18)
in D:\server\xampp\htdocs\music-player\protected\views\layouts\column1.php (6)
in D:\server\xampp\htdocs\music-player\protected\controllers\SiteController.php (32)
2015/12/01 08:13:34 [error] [php] Trying to get property of non-object (D:\server\xampp\htdocs\music-player\protected\views\layouts\main.php:17)
Stack trace:
#0 D:\server\xampp\htdocs\framework\web\widgets\CContentDecorator.php(76): SiteController->renderFile()
#1 D:\server\xampp\htdocs\framework\web\widgets\CContentDecorator.php(54): CContentDecorator->decorate()
#2 D:\server\xampp\htdocs\framework\web\widgets\COutputProcessor.php(44): CContentDecorator->processOutput()
#3 D:\server\xampp\htdocs\framework\web\CBaseController.php(214): CContentDecorator->run()
#4 D:\server\xampp\htdocs\framework\web\CBaseController.php(308): SiteController->endWidget()
#5 D:\server\xampp\htdocs\music-player\protected\views\layouts\column1.php(6): SiteController->endContent()
#6 D:\server\xampp\htdocs\framework\web\CBaseController.php(126): require()
#7 D:\server\xampp\htdocs\framework\web\CBaseController.php(95): SiteController->renderInternal()
#8 D:\server\xampp\htdocs\framework\web\CController.php(784): SiteController->renderFile()
#9 D:\server\xampp\htdocs\music-player\protected\controllers\SiteController.php(32): SiteController->render()
#10 D:\server\xampp\htdocs\framework\web\actions\CInlineAction.php(49): SiteController->actionIndex()
#11 D:\server\xampp\htdocs\framework\web\CController.php(308): CInlineAction->runWithParams()
#12 D:\server\xampp\htdocs\framework\web\CController.php(286): SiteController->runAction()
#13 D:\server\xampp\htdocs\framework\web\CController.php(265): SiteController->runActionWithFilters()
#14 D:\server\xampp\htdocs\framework\web\CWebApplication.php(282): SiteController->run()
#15 D:\server\xampp\htdocs\framework\web\CWebApplication.php(141): CWebApplication->runController()
#16 D:\server\xampp\htdocs\framework\base\CApplication.php(184): CWebApplication->processRequest()
#17 D:\server\xampp\htdocs\music-player\index.php(13): CWebApplication->run()
REQUEST_URI=/music-player/
in D:\server\xampp\htdocs\music-player\protected\views\layouts\main.php (17)
in D:\server\xampp\htdocs\music-player\protected\views\layouts\column1.php (6)
in D:\server\xampp\htdocs\music-player\protected\controllers\SiteController.php (32)
2015/12/01 08:42:36 [error] [exception.CHttpException.404] exception 'CHttpException' with message 'Unable to resolve the request "home".' in D:\server\xampp\htdocs\framework\web\CWebApplication.php:286
Stack trace:
#0 D:\server\xampp\htdocs\framework\web\CWebApplication.php(141): CWebApplication->runController('home')
#1 D:\server\xampp\htdocs\framework\base\CApplication.php(184): CWebApplication->processRequest()
#2 D:\server\xampp\htdocs\music-player\index.php(13): CApplication->run()
#3 {main}
REQUEST_URI=/music-player/home
---
2015/12/01 08:43:13 [error] [exception.CHttpException.404] exception 'CHttpException' with message 'Unable to resolve the request "home".' in D:\server\xampp\htdocs\framework\web\CWebApplication.php:286
Stack trace:
#0 D:\server\xampp\htdocs\framework\web\CWebApplication.php(141): CWebApplication->runController('home')
#1 D:\server\xampp\htdocs\framework\base\CApplication.php(184): CWebApplication->processRequest()
#2 D:\server\xampp\htdocs\music-player\index.php(13): CApplication->run()
#3 {main}
REQUEST_URI=/music-player/home
---
2015/12/01 08:43:13 [error] [exception.CHttpException.404] exception 'CHttpException' with message 'Unable to resolve the request "home".' in D:\server\xampp\htdocs\framework\web\CWebApplication.php:286
Stack trace:
#0 D:\server\xampp\htdocs\framework\web\CWebApplication.php(141): CWebApplication->runController('home')
#1 D:\server\xampp\htdocs\framework\base\CApplication.php(184): CWebApplication->processRequest()
#2 D:\server\xampp\htdocs\music-player\index.php(13): CApplication->run()
#3 {main}
REQUEST_URI=/music-player/home
---
2015/12/01 08:43:13 [error] [exception.CHttpException.404] exception 'CHttpException' with message 'Unable to resolve the request "home".' in D:\server\xampp\htdocs\framework\web\CWebApplication.php:286
Stack trace:
#0 D:\server\xampp\htdocs\framework\web\CWebApplication.php(141): CWebApplication->runController('home')
#1 D:\server\xampp\htdocs\framework\base\CApplication.php(184): CWebApplication->processRequest()
#2 D:\server\xampp\htdocs\music-player\index.php(13): CApplication->run()
#3 {main}
REQUEST_URI=/music-player/home
---
2015/12/01 08:43:14 [error] [exception.CHttpException.404] exception 'CHttpException' with message 'Unable to resolve the request "home".' in D:\server\xampp\htdocs\framework\web\CWebApplication.php:286
Stack trace:
#0 D:\server\xampp\htdocs\framework\web\CWebApplication.php(141): CWebApplication->runController('home')
#1 D:\server\xampp\htdocs\framework\base\CApplication.php(184): CWebApplication->processRequest()
#2 D:\server\xampp\htdocs\music-player\index.php(13): CApplication->run()
#3 {main}
REQUEST_URI=/music-player/home
---
2015/12/01 08:43:14 [error] [exception.CHttpException.404] exception 'CHttpException' with message 'Unable to resolve the request "home".' in D:\server\xampp\htdocs\framework\web\CWebApplication.php:286
Stack trace:
#0 D:\server\xampp\htdocs\framework\web\CWebApplication.php(141): CWebApplication->runController('home')
#1 D:\server\xampp\htdocs\framework\base\CApplication.php(184): CWebApplication->processRequest()
#2 D:\server\xampp\htdocs\music-player\index.php(13): CApplication->run()
#3 {main}
REQUEST_URI=/music-player/home
---
2015/12/01 08:43:14 [error] [exception.CHttpException.404] exception 'CHttpException' with message 'Unable to resolve the request "home".' in D:\server\xampp\htdocs\framework\web\CWebApplication.php:286
Stack trace:
#0 D:\server\xampp\htdocs\framework\web\CWebApplication.php(141): CWebApplication->runController('home')
#1 D:\server\xampp\htdocs\framework\base\CApplication.php(184): CWebApplication->processRequest()
#2 D:\server\xampp\htdocs\music-player\index.php(13): CApplication->run()
#3 {main}
REQUEST_URI=/music-player/home
---
2015/12/01 08:43:14 [error] [exception.CHttpException.404] exception 'CHttpException' with message 'Unable to resolve the request "home".' in D:\server\xampp\htdocs\framework\web\CWebApplication.php:286
Stack trace:
#0 D:\server\xampp\htdocs\framework\web\CWebApplication.php(141): CWebApplication->runController('home')
#1 D:\server\xampp\htdocs\framework\base\CApplication.php(184): CWebApplication->processRequest()
#2 D:\server\xampp\htdocs\music-player\index.php(13): CApplication->run()
#3 {main}
REQUEST_URI=/music-player/home
---
2015/12/01 08:43:21 [error] [exception.CHttpException.404] exception 'CHttpException' with message 'Unable to resolve the request "home".' in D:\server\xampp\htdocs\framework\web\CWebApplication.php:286
Stack trace:
#0 D:\server\xampp\htdocs\framework\web\CWebApplication.php(141): CWebApplication->runController('home')
#1 D:\server\xampp\htdocs\framework\base\CApplication.php(184): CWebApplication->processRequest()
#2 D:\server\xampp\htdocs\music-player\index.php(13): CApplication->run()
#3 {main}
REQUEST_URI=/music-player/home
---
2015/12/01 08:43:22 [error] [exception.CHttpException.404] exception 'CHttpException' with message 'Unable to resolve the request "home".' in D:\server\xampp\htdocs\framework\web\CWebApplication.php:286
Stack trace:
#0 D:\server\xampp\htdocs\framework\web\CWebApplication.php(141): CWebApplication->runController('home')
#1 D:\server\xampp\htdocs\framework\base\CApplication.php(184): CWebApplication->processRequest()
#2 D:\server\xampp\htdocs\music-player\index.php(13): CApplication->run()
#3 {main}
REQUEST_URI=/music-player/home
---
2015/12/01 08:43:26 [error] [exception.CHttpException.404] exception 'CHttpException' with message 'Unable to resolve the request "home/index".' in D:\server\xampp\htdocs\framework\web\CWebApplication.php:286
Stack trace:
#0 D:\server\xampp\htdocs\framework\web\CWebApplication.php(141): CWebApplication->runController('home/index')
#1 D:\server\xampp\htdocs\framework\base\CApplication.php(184): CWebApplication->processRequest()
#2 D:\server\xampp\htdocs\music-player\index.php(13): CApplication->run()
#3 {main}
REQUEST_URI=/music-player/home/index
---
2015/12/01 10:09:22 [error] [php] Undefined variable: genres (D:\server\xampp\htdocs\music-player\protected\views\home\index.php:12)
Stack trace:
#0 D:\server\xampp\htdocs\framework\web\CController.php(869): HomeController->renderFile()
#1 D:\server\xampp\htdocs\framework\web\CController.php(782): HomeController->renderPartial()
#2 D:\server\xampp\htdocs\music-player\protected\controllers\HomeController.php(43): HomeController->render()
#3 D:\server\xampp\htdocs\framework\web\actions\CInlineAction.php(49): HomeController->actionIndex()
#4 D:\server\xampp\htdocs\framework\web\CController.php(308): CInlineAction->runWithParams()
#5 D:\server\xampp\htdocs\framework\web\CController.php(286): HomeController->runAction()
#6 D:\server\xampp\htdocs\framework\web\CController.php(265): HomeController->runActionWithFilters()
#7 D:\server\xampp\htdocs\framework\web\CWebApplication.php(282): HomeController->run()
#8 D:\server\xampp\htdocs\framework\web\CWebApplication.php(141): CWebApplication->runController()
#9 D:\server\xampp\htdocs\framework\base\CApplication.php(184): CWebApplication->processRequest()
#10 D:\server\xampp\htdocs\music-player\index.php(13): CWebApplication->run()
REQUEST_URI=/music-player/home/index
in D:\server\xampp\htdocs\music-player\protected\views\home\index.php (12)
in D:\server\xampp\htdocs\music-player\protected\controllers\HomeController.php (43)
in D:\server\xampp\htdocs\music-player\index.php (13)
2015/12/01 10:09:23 [error] [php] Undefined variable: genres (D:\server\xampp\htdocs\music-player\protected\views\home\index.php:12)
Stack trace:
#0 D:\server\xampp\htdocs\framework\web\CController.php(869): HomeController->renderFile()
#1 D:\server\xampp\htdocs\framework\web\CController.php(782): HomeController->renderPartial()
#2 D:\server\xampp\htdocs\music-player\protected\controllers\HomeController.php(43): HomeController->render()
#3 D:\server\xampp\htdocs\framework\web\actions\CInlineAction.php(49): HomeController->actionIndex()
#4 D:\server\xampp\htdocs\framework\web\CController.php(308): CInlineAction->runWithParams()
#5 D:\server\xampp\htdocs\framework\web\CController.php(286): HomeController->runAction()
#6 D:\server\xampp\htdocs\framework\web\CController.php(265): HomeController->runActionWithFilters()
#7 D:\server\xampp\htdocs\framework\web\CWebApplication.php(282): HomeController->run()
#8 D:\server\xampp\htdocs\framework\web\CWebApplication.php(141): CWebApplication->runController()
#9 D:\server\xampp\htdocs\framework\base\CApplication.php(184): CWebApplication->processRequest()
#10 D:\server\xampp\htdocs\music-player\index.php(13): CWebApplication->run()
REQUEST_URI=/music-player/home/index
in D:\server\xampp\htdocs\music-player\protected\views\home\index.php (12)
in D:\server\xampp\htdocs\music-player\protected\controllers\HomeController.php (43)
in D:\server\xampp\htdocs\music-player\index.php (13)
2015/12/01 10:09:24 [error] [php] Undefined variable: genres (D:\server\xampp\htdocs\music-player\protected\views\home\index.php:12)
Stack trace:
#0 D:\server\xampp\htdocs\framework\web\CController.php(869): HomeController->renderFile()
#1 D:\server\xampp\htdocs\framework\web\CController.php(782): HomeController->renderPartial()
#2 D:\server\xampp\htdocs\music-player\protected\controllers\HomeController.php(43): HomeController->render()
#3 D:\server\xampp\htdocs\framework\web\actions\CInlineAction.php(49): HomeController->actionIndex()
#4 D:\server\xampp\htdocs\framework\web\CController.php(308): CInlineAction->runWithParams()
#5 D:\server\xampp\htdocs\framework\web\CController.php(286): HomeController->runAction()
#6 D:\server\xampp\htdocs\framework\web\CController.php(265): HomeController->runActionWithFilters()
#7 D:\server\xampp\htdocs\framework\web\CWebApplication.php(282): HomeController->run()
#8 D:\server\xampp\htdocs\framework\web\CWebApplication.php(141): CWebApplication->runController()
#9 D:\server\xampp\htdocs\framework\base\CApplication.php(184): CWebApplication->processRequest()
#10 D:\server\xampp\htdocs\music-player\index.php(13): CWebApplication->run()
REQUEST_URI=/music-player/home/index
in D:\server\xampp\htdocs\music-player\protected\views\home\index.php (12)
in D:\server\xampp\htdocs\music-player\protected\controllers\HomeController.php (43)
in D:\server\xampp\htdocs\music-player\index.php (13)
2015/12/01 10:09:24 [error] [php] Undefined variable: genres (D:\server\xampp\htdocs\music-player\protected\views\home\index.php:12)
Stack trace:
#0 D:\server\xampp\htdocs\framework\web\CController.php(869): HomeController->renderFile()
#1 D:\server\xampp\htdocs\framework\web\CController.php(782): HomeController->renderPartial()
#2 D:\server\xampp\htdocs\music-player\protected\controllers\HomeController.php(43): HomeController->render()
#3 D:\server\xampp\htdocs\framework\web\actions\CInlineAction.php(49): HomeController->actionIndex()
#4 D:\server\xampp\htdocs\framework\web\CController.php(308): CInlineAction->runWithParams()
#5 D:\server\xampp\htdocs\framework\web\CController.php(286): HomeController->runAction()
#6 D:\server\xampp\htdocs\framework\web\CController.php(265): HomeController->runActionWithFilters()
#7 D:\server\xampp\htdocs\framework\web\CWebApplication.php(282): HomeController->run()
#8 D:\server\xampp\htdocs\framework\web\CWebApplication.php(141): CWebApplication->runController()
#9 D:\server\xampp\htdocs\framework\base\CApplication.php(184): CWebApplication->processRequest()
#10 D:\server\xampp\htdocs\music-player\index.php(13): CWebApplication->run()
REQUEST_URI=/music-player/home/index
in D:\server\xampp\htdocs\music-player\protected\views\home\index.php (12)
in D:\server\xampp\htdocs\music-player\protected\controllers\HomeController.php (43)
in D:\server\xampp\htdocs\music-player\index.php (13)
2015/12/01 10:09:24 [error] [php] Undefined variable: genres (D:\server\xampp\htdocs\music-player\protected\views\home\index.php:12)
Stack trace:
#0 D:\server\xampp\htdocs\framework\web\CController.php(869): HomeController->renderFile()
#1 D:\server\xampp\htdocs\framework\web\CController.php(782): HomeController->renderPartial()
#2 D:\server\xampp\htdocs\music-player\protected\controllers\HomeController.php(43): HomeController->render()
#3 D:\server\xampp\htdocs\framework\web\actions\CInlineAction.php(49): HomeController->actionIndex()
#4 D:\server\xampp\htdocs\framework\web\CController.php(308): CInlineAction->runWithParams()
#5 D:\server\xampp\htdocs\framework\web\CController.php(286): HomeController->runAction()
#6 D:\server\xampp\htdocs\framework\web\CController.php(265): HomeController->runActionWithFilters()
#7 D:\server\xampp\htdocs\framework\web\CWebApplication.php(282): HomeController->run()
#8 D:\server\xampp\htdocs\framework\web\CWebApplication.php(141): CWebApplication->runController()
#9 D:\server\xampp\htdocs\framework\base\CApplication.php(184): CWebApplication->processRequest()
#10 D:\server\xampp\htdocs\music-player\index.php(13): CWebApplication->run()
REQUEST_URI=/music-player/home/index
in D:\server\xampp\htdocs\music-player\protected\views\home\index.php (12)
in D:\server\xampp\htdocs\music-player\protected\controllers\HomeController.php (43)
in D:\server\xampp\htdocs\music-player\index.php (13)
2015/12/01 10:09:26 [error] [php] Undefined variable: genres (D:\server\xampp\htdocs\music-player\protected\views\home\index.php:12)
Stack trace:
#0 D:\server\xampp\htdocs\framework\web\CController.php(869): HomeController->renderFile()
#1 D:\server\xampp\htdocs\framework\web\CController.php(782): HomeController->renderPartial()
#2 D:\server\xampp\htdocs\music-player\protected\controllers\HomeController.php(43): HomeController->render()
#3 D:\server\xampp\htdocs\framework\web\actions\CInlineAction.php(49): HomeController->actionIndex()
#4 D:\server\xampp\htdocs\framework\web\CController.php(308): CInlineAction->runWithParams()
#5 D:\server\xampp\htdocs\framework\web\CController.php(286): HomeController->runAction()
#6 D:\server\xampp\htdocs\framework\web\CController.php(265): HomeController->runActionWithFilters()
#7 D:\server\xampp\htdocs\framework\web\CWebApplication.php(282): HomeController->run()
#8 D:\server\xampp\htdocs\framework\web\CWebApplication.php(141): CWebApplication->runController()
#9 D:\server\xampp\htdocs\framework\base\CApplication.php(184): CWebApplication->processRequest()
#10 D:\server\xampp\htdocs\music-player\index.php(13): CWebApplication->run()
REQUEST_URI=/music-player/home/index
in D:\server\xampp\htdocs\music-player\protected\views\home\index.php (12)
in D:\server\xampp\htdocs\music-player\protected\controllers\HomeController.php (43)
in D:\server\xampp\htdocs\music-player\index.php (13)
2015/12/01 10:09:26 [error] [php] Undefined variable: genres (D:\server\xampp\htdocs\music-player\protected\views\home\index.php:12)
Stack trace:
#0 D:\server\xampp\htdocs\framework\web\CController.php(869): HomeController->renderFile()
#1 D:\server\xampp\htdocs\framework\web\CController.php(782): HomeController->renderPartial()
#2 D:\server\xampp\htdocs\music-player\protected\controllers\HomeController.php(43): HomeController->render()
#3 D:\server\xampp\htdocs\framework\web\actions\CInlineAction.php(49): HomeController->actionIndex()
#4 D:\server\xampp\htdocs\framework\web\CController.php(308): CInlineAction->runWithParams()
#5 D:\server\xampp\htdocs\framework\web\CController.php(286): HomeController->runAction()
#6 D:\server\xampp\htdocs\framework\web\CController.php(265): HomeController->runActionWithFilters()
#7 D:\server\xampp\htdocs\framework\web\CWebApplication.php(282): HomeController->run()
#8 D:\server\xampp\htdocs\framework\web\CWebApplication.php(141): CWebApplication->runController()
#9 D:\server\xampp\htdocs\framework\base\CApplication.php(184): CWebApplication->processRequest()
#10 D:\server\xampp\htdocs\music-player\index.php(13): CWebApplication->run()
REQUEST_URI=/music-player/home/index
in D:\server\xampp\htdocs\music-player\protected\views\home\index.php (12)
in D:\server\xampp\htdocs\music-player\protected\controllers\HomeController.php (43)
in D:\server\xampp\htdocs\music-player\index.php (13)
2015/12/01 10:11:34 [error] [exception.CException] exception 'CException' with message 'HomeController cannot find the requested view "home/index".' in D:\server\xampp\htdocs\framework\web\CController.php:878
Stack trace:
#0 D:\server\xampp\htdocs\framework\web\CController.php(782): CController->renderPartial('home/index', Array, true)
#1 D:\server\xampp\htdocs\music-player\protected\controllers\HomeController.php(43): CController->render('home/index', Array)
#2 D:\server\xampp\htdocs\framework\web\actions\CInlineAction.php(49): HomeController->actionIndex()
#3 D:\server\xampp\htdocs\framework\web\CController.php(308): CInlineAction->runWithParams(Array)
#4 D:\server\xampp\htdocs\framework\web\CController.php(286): CController->runAction(Object(CInlineAction))
#5 D:\server\xampp\htdocs\framework\web\CController.php(265): CController->runActionWithFilters(Object(CInlineAction), Array)
#6 D:\server\xampp\htdocs\framework\web\CWebApplication.php(282): CController->run('index')
#7 D:\server\xampp\htdocs\framework\web\CWebApplication.php(141): CWebApplication->runController('home/index')
#8 D:\server\xampp\htdocs\framework\base\CApplication.php(184): CWebApplication->processRequest()
#9 D:\server\xampp\htdocs\music-player\index.php(13): CApplication->run()
#10 {main}
REQUEST_URI=/music-player/home/index
---
2015/12/01 10:11:35 [error] [exception.CException] exception 'CException' with message 'HomeController cannot find the requested view "home/index".' in D:\server\xampp\htdocs\framework\web\CController.php:878
Stack trace:
#0 D:\server\xampp\htdocs\framework\web\CController.php(782): CController->renderPartial('home/index', Array, true)
#1 D:\server\xampp\htdocs\music-player\protected\controllers\HomeController.php(43): CController->render('home/index', Array)
#2 D:\server\xampp\htdocs\framework\web\actions\CInlineAction.php(49): HomeController->actionIndex()
#3 D:\server\xampp\htdocs\framework\web\CController.php(308): CInlineAction->runWithParams(Array)
#4 D:\server\xampp\htdocs\framework\web\CController.php(286): CController->runAction(Object(CInlineAction))
#5 D:\server\xampp\htdocs\framework\web\CController.php(265): CController->runActionWithFilters(Object(CInlineAction), Array)
#6 D:\server\xampp\htdocs\framework\web\CWebApplication.php(282): CController->run('index')
#7 D:\server\xampp\htdocs\framework\web\CWebApplication.php(141): CWebApplication->runController('home/index')
#8 D:\server\xampp\htdocs\framework\base\CApplication.php(184): CWebApplication->processRequest()
#9 D:\server\xampp\htdocs\music-player\index.php(13): CApplication->run()
#10 {main}
REQUEST_URI=/music-player/home/index
---
2015/12/01 13:37:29 [error] [php] Missing argument 1 for CHttpRequest::getPost(), called in D:\server\xampp\htdocs\framework\base\CComponent.php on line 111 and defined (D:\server\xampp\htdocs\framework\web\CHttpRequest.php:199)
Stack trace:
#0 D:\server\xampp\htdocs\music-player\protected\controllers\HomeController.php(73): CHttpRequest->__call()
#1 D:\server\xampp\htdocs\music-player\protected\controllers\HomeController.php(73): CHttpRequest->post()
#2 D:\server\xampp\htdocs\framework\web\actions\CInlineAction.php(49): HomeController->actionGet()
#3 D:\server\xampp\htdocs\framework\web\CController.php(308): CInlineAction->runWithParams()
#4 D:\server\xampp\htdocs\framework\web\CController.php(286): HomeController->runAction()
#5 D:\server\xampp\htdocs\framework\web\CController.php(265): HomeController->runActionWithFilters()
#6 D:\server\xampp\htdocs\framework\web\CWebApplication.php(282): HomeController->run()
#7 D:\server\xampp\htdocs\framework\web\CWebApplication.php(141): CWebApplication->runController()
#8 D:\server\xampp\htdocs\framework\base\CApplication.php(184): CWebApplication->processRequest()
#9 D:\server\xampp\htdocs\music-player\index.php(13): CWebApplication->run()
REQUEST_URI=/music-player/home/get
in D:\server\xampp\htdocs\music-player\protected\controllers\HomeController.php (73)
in D:\server\xampp\htdocs\music-player\protected\controllers\HomeController.php (73)
in D:\server\xampp\htdocs\music-player\index.php (13)
2015/12/01 13:40:17 [error] [php] Missing argument 1 for CHttpRequest::getPost(), called in D:\server\xampp\htdocs\framework\base\CComponent.php on line 111 and defined (D:\server\xampp\htdocs\framework\web\CHttpRequest.php:199)
Stack trace:
#0 D:\server\xampp\htdocs\music-player\protected\controllers\HomeController.php(73): CHttpRequest->__call()
#1 D:\server\xampp\htdocs\music-player\protected\controllers\HomeController.php(73): CHttpRequest->post()
#2 D:\server\xampp\htdocs\framework\web\actions\CInlineAction.php(49): HomeController->actionGet()
#3 D:\server\xampp\htdocs\framework\web\CController.php(308): CInlineAction->runWithParams()
#4 D:\server\xampp\htdocs\framework\web\CController.php(286): HomeController->runAction()
#5 D:\server\xampp\htdocs\framework\web\CController.php(265): HomeController->runActionWithFilters()
#6 D:\server\xampp\htdocs\framework\web\CWebApplication.php(282): HomeController->run()
#7 D:\server\xampp\htdocs\framework\web\CWebApplication.php(141): CWebApplication->runController()
#8 D:\server\xampp\htdocs\framework\base\CApplication.php(184): CWebApplication->processRequest()
#9 D:\server\xampp\htdocs\music-player\index.php(13): CWebApplication->run()
REQUEST_URI=/music-player/home/get
in D:\server\xampp\htdocs\music-player\protected\controllers\HomeController.php (73)
in D:\server\xampp\htdocs\music-player\protected\controllers\HomeController.php (73)
in D:\server\xampp\htdocs\music-player\index.php (13)
2015/12/01 13:48:11 [error] [php] Undefined variable: data (D:\server\xampp\htdocs\music-player\protected\controllers\HomeController.php:75)
Stack trace:
#0 D:\server\xampp\htdocs\framework\web\CController.php(286): HomeController->runAction()
#1 D:\server\xampp\htdocs\framework\web\CController.php(265): HomeController->runActionWithFilters()
#2 D:\server\xampp\htdocs\framework\web\CWebApplication.php(282): HomeController->run()
#3 D:\server\xampp\htdocs\framework\web\CWebApplication.php(141): CWebApplication->runController()
#4 D:\server\xampp\htdocs\framework\base\CApplication.php(184): CWebApplication->processRequest()
#5 D:\server\xampp\htdocs\music-player\index.php(13): CWebApplication->run()
REQUEST_URI=/music-player/home/get
in D:\server\xampp\htdocs\music-player\protected\controllers\HomeController.php (75)
in D:\server\xampp\htdocs\music-player\index.php (13)
2015/12/01 13:48:33 [error] [php] Missing argument 1 for CHttpRequest::getPost(), called in D:\server\xampp\htdocs\framework\base\CComponent.php on line 111 and defined (D:\server\xampp\htdocs\framework\web\CHttpRequest.php:199)
Stack trace:
#0 D:\server\xampp\htdocs\music-player\protected\controllers\HomeController.php(73): CHttpRequest->__call()
#1 D:\server\xampp\htdocs\music-player\protected\controllers\HomeController.php(73): CHttpRequest->post()
#2 D:\server\xampp\htdocs\framework\web\actions\CInlineAction.php(49): HomeController->actionGet()
#3 D:\server\xampp\htdocs\framework\web\CController.php(308): CInlineAction->runWithParams()
#4 D:\server\xampp\htdocs\framework\web\CController.php(286): HomeController->runAction()
#5 D:\server\xampp\htdocs\framework\web\CController.php(265): HomeController->runActionWithFilters()
#6 D:\server\xampp\htdocs\framework\web\CWebApplication.php(282): HomeController->run()
#7 D:\server\xampp\htdocs\framework\web\CWebApplication.php(141): CWebApplication->runController()
#8 D:\server\xampp\htdocs\framework\base\CApplication.php(184): CWebApplication->processRequest()
#9 D:\server\xampp\htdocs\music-player\index.php(13): CWebApplication->run()
REQUEST_URI=/music-player/home/get
in D:\server\xampp\htdocs\music-player\protected\controllers\HomeController.php (73)
in D:\server\xampp\htdocs\music-player\protected\controllers\HomeController.php (73)
in D:\server\xampp\htdocs\music-player\index.php (13)
2015/12/01 13:53:12 [error] [php] Missing argument 1 for CHttpRequest::getPost(), called in D:\server\xampp\htdocs\framework\base\CComponent.php on line 111 and defined (D:\server\xampp\htdocs\framework\web\CHttpRequest.php:199)
Stack trace:
#0 D:\server\xampp\htdocs\music-player\protected\controllers\HomeController.php(73): CHttpRequest->__call()
#1 D:\server\xampp\htdocs\music-player\protected\controllers\HomeController.php(73): CHttpRequest->post()
#2 D:\server\xampp\htdocs\framework\web\actions\CInlineAction.php(49): HomeController->actionGet()
#3 D:\server\xampp\htdocs\framework\web\CController.php(308): CInlineAction->runWithParams()
#4 D:\server\xampp\htdocs\framework\web\CController.php(286): HomeController->runAction()
#5 D:\server\xampp\htdocs\framework\web\CController.php(265): HomeController->runActionWithFilters()
#6 D:\server\xampp\htdocs\framework\web\CWebApplication.php(282): HomeController->run()
#7 D:\server\xampp\htdocs\framework\web\CWebApplication.php(141): CWebApplication->runController()
#8 D:\server\xampp\htdocs\framework\base\CApplication.php(184): CWebApplication->processRequest()
#9 D:\server\xampp\htdocs\music-player\index.php(13): CWebApplication->run()
REQUEST_URI=/music-player/home/get
in D:\server\xampp\htdocs\music-player\protected\controllers\HomeController.php (73)
in D:\server\xampp\htdocs\music-player\protected\controllers\HomeController.php (73)
in D:\server\xampp\htdocs\music-player\index.php (13)
2015/12/01 13:55:37 [error] [php] Missing argument 1 for CHttpRequest::getPost(), called in D:\server\xampp\htdocs\framework\base\CComponent.php on line 111 and defined (D:\server\xampp\htdocs\framework\web\CHttpRequest.php:199)
Stack trace:
#0 D:\server\xampp\htdocs\music-player\protected\controllers\HomeController.php(73): CHttpRequest->__call()
#1 D:\server\xampp\htdocs\music-player\protected\controllers\HomeController.php(73): CHttpRequest->post()
#2 D:\server\xampp\htdocs\framework\web\actions\CInlineAction.php(49): HomeController->actionGet()
#3 D:\server\xampp\htdocs\framework\web\CController.php(308): CInlineAction->runWithParams()
#4 D:\server\xampp\htdocs\framework\web\CController.php(286): HomeController->runAction()
#5 D:\server\xampp\htdocs\framework\web\CController.php(265): HomeController->runActionWithFilters()
#6 D:\server\xampp\htdocs\framework\web\CWebApplication.php(282): HomeController->run()
#7 D:\server\xampp\htdocs\framework\web\CWebApplication.php(141): CWebApplication->runController()
#8 D:\server\xampp\htdocs\framework\base\CApplication.php(184): CWebApplication->processRequest()
#9 D:\server\xampp\htdocs\music-player\index.php(13): CWebApplication->run()
REQUEST_URI=/music-player/home/get
in D:\server\xampp\htdocs\music-player\protected\controllers\HomeController.php (73)
in D:\server\xampp\htdocs\music-player\protected\controllers\HomeController.php (73)
in D:\server\xampp\htdocs\music-player\index.php (13)
2015/12/01 13:58:09 [error] [php] Missing argument 1 for CHttpRequest::getPost(), called in D:\server\xampp\htdocs\music-player\protected\controllers\HomeController.php on line 73 and defined (D:\server\xampp\htdocs\framework\web\CHttpRequest.php:199)
Stack trace:
#0 D:\server\xampp\htdocs\framework\web\CController.php(308): CInlineAction->runWithParams()
#1 D:\server\xampp\htdocs\framework\web\CController.php(286): HomeController->runAction()
#2 D:\server\xampp\htdocs\framework\web\CController.php(265): HomeController->runActionWithFilters()
#3 D:\server\xampp\htdocs\framework\web\CWebApplication.php(282): HomeController->run()
#4 D:\server\xampp\htdocs\framework\web\CWebApplication.php(141): CWebApplication->runController()
#5 D:\server\xampp\htdocs\framework\base\CApplication.php(184): CWebApplication->processRequest()
#6 D:\server\xampp\htdocs\music-player\index.php(13): CWebApplication->run()
REQUEST_URI=/music-player/home/get
in D:\server\xampp\htdocs\music-player\protected\controllers\HomeController.php (73)
in D:\server\xampp\htdocs\music-player\index.php (13)
2015/12/01 13:59:45 [error] [php] Missing argument 1 for CHttpRequest::getPost(), called in D:\server\xampp\htdocs\music-player\protected\controllers\HomeController.php on line 74 and defined (D:\server\xampp\htdocs\framework\web\CHttpRequest.php:199)
Stack trace:
#0 D:\server\xampp\htdocs\framework\web\CController.php(308): CInlineAction->runWithParams()
#1 D:\server\xampp\htdocs\framework\web\CController.php(286): HomeController->runAction()
#2 D:\server\xampp\htdocs\framework\web\CController.php(265): HomeController->runActionWithFilters()
#3 D:\server\xampp\htdocs\framework\web\CWebApplication.php(282): HomeController->run()
#4 D:\server\xampp\htdocs\framework\web\CWebApplication.php(141): CWebApplication->runController()
#5 D:\server\xampp\htdocs\framework\base\CApplication.php(184): CWebApplication->processRequest()
#6 D:\server\xampp\htdocs\music-player\index.php(13): CWebApplication->run()
REQUEST_URI=/music-player/home/get
in D:\server\xampp\htdocs\music-player\protected\controllers\HomeController.php (74)
in D:\server\xampp\htdocs\music-player\index.php (13)
2015/12/01 14:01:00 [error] [php] Missing argument 1 for CHttpRequest::getPost(), called in D:\server\xampp\htdocs\music-player\protected\controllers\HomeController.php on line 74 and defined (D:\server\xampp\htdocs\framework\web\CHttpRequest.php:199)
Stack trace:
#0 D:\server\xampp\htdocs\framework\web\CController.php(308): CInlineAction->runWithParams()
#1 D:\server\xampp\htdocs\framework\web\CController.php(286): HomeController->runAction()
#2 D:\server\xampp\htdocs\framework\web\CController.php(265): HomeController->runActionWithFilters()
#3 D:\server\xampp\htdocs\framework\web\CWebApplication.php(282): HomeController->run()
#4 D:\server\xampp\htdocs\framework\web\CWebApplication.php(141): CWebApplication->runController()
#5 D:\server\xampp\htdocs\framework\base\CApplication.php(184): CWebApplication->processRequest()
#6 D:\server\xampp\htdocs\music-player\index.php(13): CWebApplication->run()
REQUEST_URI=/music-player/home/get
in D:\server\xampp\htdocs\music-player\protected\controllers\HomeController.php (74)
in D:\server\xampp\htdocs\music-player\index.php (13)
2015/12/01 14:02:20 [error] [php] Undefined index: data (D:\server\xampp\htdocs\music-player\protected\controllers\HomeController.php:76)
Stack trace:
#0 D:\server\xampp\htdocs\framework\web\CController.php(286): HomeController->runAction()
#1 D:\server\xampp\htdocs\framework\web\CController.php(265): HomeController->runActionWithFilters()
#2 D:\server\xampp\htdocs\framework\web\CWebApplication.php(282): HomeController->run()
#3 D:\server\xampp\htdocs\framework\web\CWebApplication.php(141): CWebApplication->runController()
#4 D:\server\xampp\htdocs\framework\base\CApplication.php(184): CWebApplication->processRequest()
#5 D:\server\xampp\htdocs\music-player\index.php(13): CWebApplication->run()
REQUEST_URI=/music-player/home/get
in D:\server\xampp\htdocs\music-player\protected\controllers\HomeController.php (76)
in D:\server\xampp\htdocs\music-player\index.php (13)
2015/12/01 14:06:20 [error] [php] Missing argument 1 for CHttpRequest::getPost(), called in D:\server\xampp\htdocs\music-player\protected\controllers\HomeController.php on line 74 and defined (D:\server\xampp\htdocs\framework\web\CHttpRequest.php:199)
Stack trace:
#0 D:\server\xampp\htdocs\framework\web\CController.php(308): CInlineAction->runWithParams()
#1 D:\server\xampp\htdocs\framework\web\CController.php(286): HomeController->runAction()
#2 D:\server\xampp\htdocs\framework\web\CController.php(265): HomeController->runActionWithFilters()
#3 D:\server\xampp\htdocs\framework\web\CWebApplication.php(282): HomeController->run()
#4 D:\server\xampp\htdocs\framework\web\CWebApplication.php(141): CWebApplication->runController()
#5 D:\server\xampp\htdocs\framework\base\CApplication.php(184): CWebApplication->processRequest()
#6 D:\server\xampp\htdocs\music-player\index.php(13): CWebApplication->run()
REQUEST_URI=/music-player/home/get
in D:\server\xampp\htdocs\music-player\protected\controllers\HomeController.php (74)
in D:\server\xampp\htdocs\music-player\index.php (13)
2015/12/01 14:06:29 [error] [php] Missing argument 1 for CHttpRequest::getPost(), called in D:\server\xampp\htdocs\framework\base\CComponent.php on line 111 and defined (D:\server\xampp\htdocs\framework\web\CHttpRequest.php:199)
Stack trace:
#0 D:\server\xampp\htdocs\music-player\protected\controllers\HomeController.php(74): CHttpRequest->__call()
#1 D:\server\xampp\htdocs\music-player\protected\controllers\HomeController.php(74): CHttpRequest->post()
#2 D:\server\xampp\htdocs\framework\web\actions\CInlineAction.php(49): HomeController->actionGet()
#3 D:\server\xampp\htdocs\framework\web\CController.php(308): CInlineAction->runWithParams()
#4 D:\server\xampp\htdocs\framework\web\CController.php(286): HomeController->runAction()
#5 D:\server\xampp\htdocs\framework\web\CController.php(265): HomeController->runActionWithFilters()
#6 D:\server\xampp\htdocs\framework\web\CWebApplication.php(282): HomeController->run()
#7 D:\server\xampp\htdocs\framework\web\CWebApplication.php(141): CWebApplication->runController()
#8 D:\server\xampp\htdocs\framework\base\CApplication.php(184): CWebApplication->processRequest()
#9 D:\server\xampp\htdocs\music-player\index.php(13): CWebApplication->run()
REQUEST_URI=/music-player/home/get
in D:\server\xampp\htdocs\music-player\protected\controllers\HomeController.php (74)
in D:\server\xampp\htdocs\music-player\protected\controllers\HomeController.php (74)
in D:\server\xampp\htdocs\music-player\index.php (13)
2015/12/01 14:39:22 [error] [exception.CException] exception 'CException' with message 'SongGenre and its behaviors do not have a method or closure named "findbyAttribute".' in D:\server\xampp\htdocs\framework\base\CComponent.php:266
Stack trace:
#0 D:\server\xampp\htdocs\framework\db\ar\CActiveRecord.php(227): CComponent->__call('findbyAttribute', Array)
#1 D:\server\xampp\htdocs\music-player\protected\controllers\HomeController.php(78): CActiveRecord->__call('findbyAttribute', Array)
#2 D:\server\xampp\htdocs\music-player\protected\controllers\HomeController.php(78): SongGenre->findbyAttribute(Array)
#3 D:\server\xampp\htdocs\framework\web\actions\CInlineAction.php(49): HomeController->actionGet()
#4 D:\server\xampp\htdocs\framework\web\CController.php(308): CInlineAction->runWithParams(Array)
#5 D:\server\xampp\htdocs\framework\web\CController.php(286): CController->runAction(Object(CInlineAction))
#6 D:\server\xampp\htdocs\framework\web\CController.php(265): CController->runActionWithFilters(Object(CInlineAction), Array)
#7 D:\server\xampp\htdocs\framework\web\CWebApplication.php(282): CController->run('get')
#8 D:\server\xampp\htdocs\framework\web\CWebApplication.php(141): CWebApplication->runController('home/get')
#9 D:\server\xampp\htdocs\framework\base\CApplication.php(184): CWebApplication->processRequest()
#10 D:\server\xampp\htdocs\music-player\index.php(13): CApplication->run()
#11 {main}
REQUEST_URI=/music-player/home/get
HTTP_REFERER=http://localhost/music-player/home/
---
2015/12/01 14:39:30 [error] [exception.CException] exception 'CException' with message 'SongGenre and its behaviors do not have a method or closure named "findbyAttribute".' in D:\server\xampp\htdocs\framework\base\CComponent.php:266
Stack trace:
#0 D:\server\xampp\htdocs\framework\db\ar\CActiveRecord.php(227): CComponent->__call('findbyAttribute', Array)
#1 D:\server\xampp\htdocs\music-player\protected\controllers\HomeController.php(78): CActiveRecord->__call('findbyAttribute', Array)
#2 D:\server\xampp\htdocs\music-player\protected\controllers\HomeController.php(78): SongGenre->findbyAttribute(Array)
#3 D:\server\xampp\htdocs\framework\web\actions\CInlineAction.php(49): HomeController->actionGet()
#4 D:\server\xampp\htdocs\framework\web\CController.php(308): CInlineAction->runWithParams(Array)
#5 D:\server\xampp\htdocs\framework\web\CController.php(286): CController->runAction(Object(CInlineAction))
#6 D:\server\xampp\htdocs\framework\web\CController.php(265): CController->runActionWithFilters(Object(CInlineAction), Array)
#7 D:\server\xampp\htdocs\framework\web\CWebApplication.php(282): CController->run('get')
#8 D:\server\xampp\htdocs\framework\web\CWebApplication.php(141): CWebApplication->runController('home/get')
#9 D:\server\xampp\htdocs\framework\base\CApplication.php(184): CWebApplication->processRequest()
#10 D:\server\xampp\htdocs\music-player\index.php(13): CApplication->run()
#11 {main}
REQUEST_URI=/music-player/home/get
HTTP_REFERER=http://localhost/music-player/home/
---
2015/12/01 14:39:48 [error] [exception.CException] exception 'CException' with message 'SongGenre and its behaviors do not have a method or closure named "findByAttribute".' in D:\server\xampp\htdocs\framework\base\CComponent.php:266
Stack trace:
#0 D:\server\xampp\htdocs\framework\db\ar\CActiveRecord.php(227): CComponent->__call('findByAttribute', Array)
#1 D:\server\xampp\htdocs\music-player\protected\controllers\HomeController.php(78): CActiveRecord->__call('findByAttribute', Array)
#2 D:\server\xampp\htdocs\music-player\protected\controllers\HomeController.php(78): SongGenre->findByAttribute(Array)
#3 D:\server\xampp\htdocs\framework\web\actions\CInlineAction.php(49): HomeController->actionGet()
#4 D:\server\xampp\htdocs\framework\web\CController.php(308): CInlineAction->runWithParams(Array)
#5 D:\server\xampp\htdocs\framework\web\CController.php(286): CController->runAction(Object(CInlineAction))
#6 D:\server\xampp\htdocs\framework\web\CController.php(265): CController->runActionWithFilters(Object(CInlineAction), Array)
#7 D:\server\xampp\htdocs\framework\web\CWebApplication.php(282): CController->run('get')
#8 D:\server\xampp\htdocs\framework\web\CWebApplication.php(141): CWebApplication->runController('home/get')
#9 D:\server\xampp\htdocs\framework\base\CApplication.php(184): CWebApplication->processRequest()
#10 D:\server\xampp\htdocs\music-player\index.php(13): CApplication->run()
#11 {main}
REQUEST_URI=/music-player/home/get
HTTP_REFERER=http://localhost/music-player/home/
---
2015/12/01 14:40:51 [error] [exception.CException] exception 'CException' with message 'Property "Songs.0" is not defined.' in D:\server\xampp\htdocs\framework\base\CComponent.php:130
Stack trace:
#0 D:\server\xampp\htdocs\framework\db\ar\CActiveRecord.php(145): CComponent->__get('0')
#1 D:\server\xampp\htdocs\framework\base\CModel.php(596): CActiveRecord->__get('0')
#2 D:\server\xampp\htdocs\music-player\protected\controllers\HomeController.php(82): CModel->offsetGet(0)
#3 D:\server\xampp\htdocs\framework\web\actions\CInlineAction.php(49): HomeController->actionGet()
#4 D:\server\xampp\htdocs\framework\web\CController.php(308): CInlineAction->runWithParams(Array)
#5 D:\server\xampp\htdocs\framework\web\CController.php(286): CController->runAction(Object(CInlineAction))
#6 D:\server\xampp\htdocs\framework\web\CController.php(265): CController->runActionWithFilters(Object(CInlineAction), Array)
#7 D:\server\xampp\htdocs\framework\web\CWebApplication.php(282): CController->run('get')
#8 D:\server\xampp\htdocs\framework\web\CWebApplication.php(141): CWebApplication->runController('home/get')
#9 D:\server\xampp\htdocs\framework\base\CApplication.php(184): CWebApplication->processRequest()
#10 D:\server\xampp\htdocs\music-player\index.php(13): CApplication->run()
#11 {main}
REQUEST_URI=/music-player/home/get
HTTP_REFERER=http://localhost/music-player/home/
---
2015/12/01 14:41:09 [error] [exception.CException] exception 'CException' with message 'Property "Songs.0" is not defined.' in D:\server\xampp\htdocs\framework\base\CComponent.php:130
Stack trace:
#0 D:\server\xampp\htdocs\framework\db\ar\CActiveRecord.php(145): CComponent->__get('0')
#1 D:\server\xampp\htdocs\framework\base\CModel.php(596): CActiveRecord->__get('0')
#2 D:\server\xampp\htdocs\music-player\protected\controllers\HomeController.php(82): CModel->offsetGet(0)
#3 D:\server\xampp\htdocs\framework\web\actions\CInlineAction.php(49): HomeController->actionGet()
#4 D:\server\xampp\htdocs\framework\web\CController.php(308): CInlineAction->runWithParams(Array)
#5 D:\server\xampp\htdocs\framework\web\CController.php(286): CController->runAction(Object(CInlineAction))
#6 D:\server\xampp\htdocs\framework\web\CController.php(265): CController->runActionWithFilters(Object(CInlineAction), Array)
#7 D:\server\xampp\htdocs\framework\web\CWebApplication.php(282): CController->run('get')
#8 D:\server\xampp\htdocs\framework\web\CWebApplication.php(141): CWebApplication->runController('home/get')
#9 D:\server\xampp\htdocs\framework\base\CApplication.php(184): CWebApplication->processRequest()
#10 D:\server\xampp\htdocs\music-player\index.php(13): CApplication->run()
#11 {main}
REQUEST_URI=/music-player/home/get
HTTP_REFERER=http://localhost/music-player/home/
---
2015/12/01 14:42:16 [error] [php] Trying to get property of non-object (D:\server\xampp\htdocs\music-player\protected\controllers\HomeController.php:82)
Stack trace:
#0 D:\server\xampp\htdocs\framework\web\CController.php(286): HomeController->runAction()
#1 D:\server\xampp\htdocs\framework\web\CController.php(265): HomeController->runActionWithFilters()
#2 D:\server\xampp\htdocs\framework\web\CWebApplication.php(282): HomeController->run()
#3 D:\server\xampp\htdocs\framework\web\CWebApplication.php(141): CWebApplication->runController()
#4 D:\server\xampp\htdocs\framework\base\CApplication.php(184): CWebApplication->processRequest()
#5 D:\server\xampp\htdocs\music-player\index.php(13): CWebApplication->run()
REQUEST_URI=/music-player/home/get
in D:\server\xampp\htdocs\music-player\protected\controllers\HomeController.php (82)
in D:\server\xampp\htdocs\music-player\index.php (13)
2015/12/03 14:39:40 [error] [php] Undefined variable: genres (C:\xampp\htdocs\music-player\protected\views\home\index.php:5)
Stack trace:
#0 C:\xampp\htdocs\music-player\protected\framework\web\CController.php(869): HomeController->renderFile()
#1 C:\xampp\htdocs\music-player\protected\controllers\HomeController.php(49): HomeController->renderPartial()
#2 C:\xampp\htdocs\music-player\protected\framework\web\actions\CInlineAction.php(49): HomeController->actionGet()
#3 C:\xampp\htdocs\music-player\protected\framework\web\CController.php(308): CInlineAction->runWithParams()
#4 C:\xampp\htdocs\music-player\protected\framework\web\CController.php(286): HomeController->runAction()
#5 C:\xampp\htdocs\music-player\protected\framework\web\CController.php(265): HomeController->runActionWithFilters()
#6 C:\xampp\htdocs\music-player\protected\framework\web\CWebApplication.php(282): HomeController->run()
#7 C:\xampp\htdocs\music-player\protected\framework\web\CWebApplication.php(141): CWebApplication->runController()
#8 C:\xampp\htdocs\music-player\protected\framework\base\CApplication.php(184): CWebApplication->processRequest()
#9 C:\xampp\htdocs\music-player\index.php(13): CWebApplication->run()
REQUEST_URI=/music-player/home/get
in C:\xampp\htdocs\music-player\protected\views\home\index.php (5)
in C:\xampp\htdocs\music-player\protected\controllers\HomeController.php (49)
in C:\xampp\htdocs\music-player\index.php (13)
2015/12/03 14:39:52 [error] [php] Undefined variable: genres (C:\xampp\htdocs\music-player\protected\views\home\index.php:5)
Stack trace:
#0 C:\xampp\htdocs\music-player\protected\framework\web\CController.php(869): HomeController->renderFile()
#1 C:\xampp\htdocs\music-player\protected\controllers\HomeController.php(49): HomeController->renderPartial()
#2 C:\xampp\htdocs\music-player\protected\framework\web\actions\CInlineAction.php(49): HomeController->actionGet()
#3 C:\xampp\htdocs\music-player\protected\framework\web\CController.php(308): CInlineAction->runWithParams()
#4 C:\xampp\htdocs\music-player\protected\framework\web\CController.php(286): HomeController->runAction()
#5 C:\xampp\htdocs\music-player\protected\framework\web\CController.php(265): HomeController->runActionWithFilters()
#6 C:\xampp\htdocs\music-player\protected\framework\web\CWebApplication.php(282): HomeController->run()
#7 C:\xampp\htdocs\music-player\protected\framework\web\CWebApplication.php(141): CWebApplication->runController()
#8 C:\xampp\htdocs\music-player\protected\framework\base\CApplication.php(184): CWebApplication->processRequest()
#9 C:\xampp\htdocs\music-player\index.php(13): CWebApplication->run()
REQUEST_URI=/music-player/home/get
in C:\xampp\htdocs\music-player\protected\views\home\index.php (5)
in C:\xampp\htdocs\music-player\protected\controllers\HomeController.php (49)
in C:\xampp\htdocs\music-player\index.php (13)
2015/12/03 15:33:11 [error] [php] Undefined variable: genres (C:\xampp\htdocs\music-player\protected\views\home\index.php:5)
Stack trace:
#0 C:\xampp\htdocs\music-player\protected\framework\web\CController.php(869): HomeController->renderFile()
#1 C:\xampp\htdocs\music-player\protected\controllers\HomeController.php(50): HomeController->renderPartial()
#2 C:\xampp\htdocs\music-player\protected\framework\web\actions\CInlineAction.php(49): HomeController->actionGet()
#3 C:\xampp\htdocs\music-player\protected\framework\web\CController.php(308): CInlineAction->runWithParams()
#4 C:\xampp\htdocs\music-player\protected\framework\web\CController.php(286): HomeController->runAction()
#5 C:\xampp\htdocs\music-player\protected\framework\web\CController.php(265): HomeController->runActionWithFilters()
#6 C:\xampp\htdocs\music-player\protected\framework\web\CWebApplication.php(282): HomeController->run()
#7 C:\xampp\htdocs\music-player\protected\framework\web\CWebApplication.php(141): CWebApplication->runController()
#8 C:\xampp\htdocs\music-player\protected\framework\base\CApplication.php(184): CWebApplication->processRequest()
#9 C:\xampp\htdocs\music-player\index.php(13): CWebApplication->run()
REQUEST_URI=/music-player/home/get
in C:\xampp\htdocs\music-player\protected\views\home\index.php (5)
in C:\xampp\htdocs\music-player\protected\controllers\HomeController.php (50)
in C:\xampp\htdocs\music-player\index.php (13)
2015/12/04 07:52:39 [error] [exception.CException] exception 'CException' with message 'Property "Genre.genre" is not defined.' in C:\xampp\htdocs\music-player\protected\framework\base\CComponent.php:130
Stack trace:
#0 C:\xampp\htdocs\music-player\protected\framework\db\ar\CActiveRecord.php(145): CComponent->__get('genre')
#1 C:\xampp\htdocs\music-player\protected\views\home\index.php(7): CActiveRecord->__get('genre')
#2 C:\xampp\htdocs\music-player\protected\framework\web\CBaseController.php(126): require('C:\\xampp\\htdocs...')
#3 C:\xampp\htdocs\music-player\protected\framework\web\CBaseController.php(95): CBaseController->renderInternal('C:\\xampp\\htdocs...', Array, true)
#4 C:\xampp\htdocs\music-player\protected\framework\web\CController.php(869): CBaseController->renderFile('C:\\xampp\\htdocs...', Array, true)
#5 C:\xampp\htdocs\music-player\protected\framework\web\CController.php(782): CController->renderPartial('index', Array, true)
#6 C:\xampp\htdocs\music-player\protected\controllers\HomeController.php(15): CController->render('index', Array)
#7 C:\xampp\htdocs\music-player\protected\framework\web\actions\CInlineAction.php(49): HomeController->actionIndex()
#8 C:\xampp\htdocs\music-player\protected\framework\web\CController.php(308): CInlineAction->runWithParams(Array)
#9 C:\xampp\htdocs\music-player\protected\framework\web\CController.php(286): CController->runAction(Object(CInlineAction))
#10 C:\xampp\htdocs\music-player\protected\framework\web\CController.php(265): CController->runActionWithFilters(Object(CInlineAction), Array)
#11 C:\xampp\htdocs\music-player\protected\framework\web\CWebApplication.php(282): CController->run('index')
#12 C:\xampp\htdocs\music-player\protected\framework\web\CWebApplication.php(141): CWebApplication->runController('')
#13 C:\xampp\htdocs\music-player\protected\framework\base\CApplication.php(184): CWebApplication->processRequest()
#14 C:\xampp\htdocs\music-player\index.php(13): CApplication->run()
#15 {main}
REQUEST_URI=/music-player/
---
2015/12/04 07:54:23 [error] [exception.CHttpException.404] exception 'CHttpException' with message 'Unable to resolve the request "css/screen.css".' in C:\xampp\htdocs\music-player\protected\framework\web\CWebApplication.php:286
Stack trace:
#0 C:\xampp\htdocs\music-player\protected\framework\web\CWebApplication.php(141): CWebApplication->runController('css/screen.css')
#1 C:\xampp\htdocs\music-player\protected\framework\base\CApplication.php(184): CWebApplication->processRequest()
#2 C:\xampp\htdocs\music-player\index.php(13): CApplication->run()
#3 {main}
REQUEST_URI=/music-player/css/screen.css
HTTP_REFERER=http://localhost/music-player/
---
2015/12/04 07:54:23 [error] [exception.CHttpException.404] exception 'CHttpException' with message 'Unable to resolve the request "css/print.css".' in C:\xampp\htdocs\music-player\protected\framework\web\CWebApplication.php:286
Stack trace:
#0 C:\xampp\htdocs\music-player\protected\framework\web\CWebApplication.php(141): CWebApplication->runController('css/print.css')
#1 C:\xampp\htdocs\music-player\protected\framework\base\CApplication.php(184): CWebApplication->processRequest()
#2 C:\xampp\htdocs\music-player\index.php(13): CApplication->run()
#3 {main}
REQUEST_URI=/music-player/css/print.css
HTTP_REFERER=http://localhost/music-player/
---
2015/12/04 07:54:23 [error] [exception.CHttpException.404] exception 'CHttpException' with message 'Unable to resolve the request "css/main.css".' in C:\xampp\htdocs\music-player\protected\framework\web\CWebApplication.php:286
Stack trace:
#0 C:\xampp\htdocs\music-player\protected\framework\web\CWebApplication.php(141): CWebApplication->runController('css/main.css')
#1 C:\xampp\htdocs\music-player\protected\framework\base\CApplication.php(184): CWebApplication->processRequest()
#2 C:\xampp\htdocs\music-player\index.php(13): CApplication->run()
#3 {main}
REQUEST_URI=/music-player/css/main.css
HTTP_REFERER=http://localhost/music-player/
---
2015/12/04 07:54:23 [error] [exception.CHttpException.404] exception 'CHttpException' with message 'Unable to resolve the request "css/form.css".' in C:\xampp\htdocs\music-player\protected\framework\web\CWebApplication.php:286
Stack trace:
#0 C:\xampp\htdocs\music-player\protected\framework\web\CWebApplication.php(141): CWebApplication->runController('css/form.css')
#1 C:\xampp\htdocs\music-player\protected\framework\base\CApplication.php(184): CWebApplication->processRequest()
#2 C:\xampp\htdocs\music-player\index.php(13): CApplication->run()
#3 {main}
REQUEST_URI=/music-player/css/form.css
HTTP_REFERER=http://localhost/music-player/
---
2015/12/04 07:54:27 [error] [php] Undefined index: genre (C:\xampp\htdocs\music-player\protected\views\home\play_list.php:3)
Stack trace:
#0 C:\xampp\htdocs\music-player\protected\framework\web\CController.php(869): HomeController->renderFile()
#1 C:\xampp\htdocs\music-player\protected\controllers\HomeController.php(51): HomeController->renderPartial()
#2 C:\xampp\htdocs\music-player\protected\framework\web\actions\CInlineAction.php(49): HomeController->actionGet()
#3 C:\xampp\htdocs\music-player\protected\framework\web\CController.php(308): CInlineAction->runWithParams()
#4 C:\xampp\htdocs\music-player\protected\framework\web\CController.php(286): HomeController->runAction()
#5 C:\xampp\htdocs\music-player\protected\framework\web\CController.php(265): HomeController->runActionWithFilters()
#6 C:\xampp\htdocs\music-player\protected\framework\web\CWebApplication.php(282): HomeController->run()
#7 C:\xampp\htdocs\music-player\protected\framework\web\CWebApplication.php(141): CWebApplication->runController()
#8 C:\xampp\htdocs\music-player\protected\framework\base\CApplication.php(184): CWebApplication->processRequest()
#9 C:\xampp\htdocs\music-player\index.php(13): CWebApplication->run()
REQUEST_URI=/music-player/home/get
in C:\xampp\htdocs\music-player\protected\views\home\play_list.php (3)
in C:\xampp\htdocs\music-player\protected\controllers\HomeController.php (51)
in C:\xampp\htdocs\music-player\index.php (13)
2015/12/04 07:54:30 [error] [php] Undefined index: genre (C:\xampp\htdocs\music-player\protected\views\home\play_list.php:3)
Stack trace:
#0 C:\xampp\htdocs\music-player\protected\framework\web\CController.php(869): HomeController->renderFile()
#1 C:\xampp\htdocs\music-player\protected\controllers\HomeController.php(51): HomeController->renderPartial()
#2 C:\xampp\htdocs\music-player\protected\framework\web\actions\CInlineAction.php(49): HomeController->actionGet()
#3 C:\xampp\htdocs\music-player\protected\framework\web\CController.php(308): CInlineAction->runWithParams()
#4 C:\xampp\htdocs\music-player\protected\framework\web\CController.php(286): HomeController->runAction()
#5 C:\xampp\htdocs\music-player\protected\framework\web\CController.php(265): HomeController->runActionWithFilters()
#6 C:\xampp\htdocs\music-player\protected\framework\web\CWebApplication.php(282): HomeController->run()
#7 C:\xampp\htdocs\music-player\protected\framework\web\CWebApplication.php(141): CWebApplication->runController()
#8 C:\xampp\htdocs\music-player\protected\framework\base\CApplication.php(184): CWebApplication->processRequest()
#9 C:\xampp\htdocs\music-player\index.php(13): CWebApplication->run()
REQUEST_URI=/music-player/home/get
in C:\xampp\htdocs\music-player\protected\views\home\play_list.php (3)
in C:\xampp\htdocs\music-player\protected\controllers\HomeController.php (51)
in C:\xampp\htdocs\music-player\index.php (13)
2015/12/04 07:54:34 [error] [exception.CHttpException.404] exception 'CHttpException' with message 'Unable to resolve the request "css/main.css".' in C:\xampp\htdocs\music-player\protected\framework\web\CWebApplication.php:286
Stack trace:
#0 C:\xampp\htdocs\music-player\protected\framework\web\CWebApplication.php(141): CWebApplication->runController('css/main.css')
#1 C:\xampp\htdocs\music-player\protected\framework\base\CApplication.php(184): CWebApplication->processRequest()
#2 C:\xampp\htdocs\music-player\index.php(13): CApplication->run()
#3 {main}
REQUEST_URI=/music-player/css/main.css
HTTP_REFERER=http://localhost/music-player/
---
2015/12/04 07:54:34 [error] [exception.CHttpException.404] exception 'CHttpException' with message 'Unable to resolve the request "css/form.css".' in C:\xampp\htdocs\music-player\protected\framework\web\CWebApplication.php:286
Stack trace:
#0 C:\xampp\htdocs\music-player\protected\framework\web\CWebApplication.php(141): CWebApplication->runController('css/form.css')
#1 C:\xampp\htdocs\music-player\protected\framework\base\CApplication.php(184): CWebApplication->processRequest()
#2 C:\xampp\htdocs\music-player\index.php(13): CApplication->run()
#3 {main}
REQUEST_URI=/music-player/css/form.css
HTTP_REFERER=http://localhost/music-player/
---
2015/12/04 07:54:34 [error] [exception.CHttpException.404] exception 'CHttpException' with message 'Unable to resolve the request "css/print.css".' in C:\xampp\htdocs\music-player\protected\framework\web\CWebApplication.php:286
Stack trace:
#0 C:\xampp\htdocs\music-player\protected\framework\web\CWebApplication.php(141): CWebApplication->runController('css/print.css')
#1 C:\xampp\htdocs\music-player\protected\framework\base\CApplication.php(184): CWebApplication->processRequest()
#2 C:\xampp\htdocs\music-player\index.php(13): CApplication->run()
#3 {main}
REQUEST_URI=/music-player/css/print.css
HTTP_REFERER=http://localhost/music-player/
---
2015/12/04 07:54:34 [error] [exception.CHttpException.404] exception 'CHttpException' with message 'Unable to resolve the request "css/screen.css".' in C:\xampp\htdocs\music-player\protected\framework\web\CWebApplication.php:286
Stack trace:
#0 C:\xampp\htdocs\music-player\protected\framework\web\CWebApplication.php(141): CWebApplication->runController('css/screen.css')
#1 C:\xampp\htdocs\music-player\protected\framework\base\CApplication.php(184): CWebApplication->processRequest()
#2 C:\xampp\htdocs\music-player\index.php(13): CApplication->run()
#3 {main}
REQUEST_URI=/music-player/css/screen.css
HTTP_REFERER=http://localhost/music-player/
---
2015/12/04 07:55:39 [error] [php] Undefined index: genre (C:\xampp\htdocs\music-player\protected\views\home\play_list.php:3)
Stack trace:
#0 C:\xampp\htdocs\music-player\protected\framework\web\CController.php(869): HomeController->renderFile()
#1 C:\xampp\htdocs\music-player\protected\controllers\HomeController.php(51): HomeController->renderPartial()
#2 C:\xampp\htdocs\music-player\protected\framework\web\actions\CInlineAction.php(49): HomeController->actionGet()
#3 C:\xampp\htdocs\music-player\protected\framework\web\CController.php(308): CInlineAction->runWithParams()
#4 C:\xampp\htdocs\music-player\protected\framework\web\CController.php(286): HomeController->runAction()
#5 C:\xampp\htdocs\music-player\protected\framework\web\CController.php(265): HomeController->runActionWithFilters()
#6 C:\xampp\htdocs\music-player\protected\framework\web\CWebApplication.php(282): HomeController->run()
#7 C:\xampp\htdocs\music-player\protected\framework\web\CWebApplication.php(141): CWebApplication->runController()
#8 C:\xampp\htdocs\music-player\protected\framework\base\CApplication.php(184): CWebApplication->processRequest()
#9 C:\xampp\htdocs\music-player\index.php(13): CWebApplication->run()
REQUEST_URI=/music-player/home/get
in C:\xampp\htdocs\music-player\protected\views\home\play_list.php (3)
in C:\xampp\htdocs\music-player\protected\controllers\HomeController.php (51)
in C:\xampp\htdocs\music-player\index.php (13)
2015/12/04 08:29:59 [error] [php] Invalid argument supplied for foreach() (C:\xampp\htdocs\music-player\protected\views\home\play_list.php:2)
Stack trace:
#0 C:\xampp\htdocs\music-player\protected\framework\web\CController.php(869): HomeController->renderFile()
#1 C:\xampp\htdocs\music-player\protected\controllers\HomeController.php(51): HomeController->renderPartial()
#2 C:\xampp\htdocs\music-player\protected\framework\web\actions\CInlineAction.php(49): HomeController->actionGet()
#3 C:\xampp\htdocs\music-player\protected\framework\web\CController.php(308): CInlineAction->runWithParams()
#4 C:\xampp\htdocs\music-player\protected\framework\web\CController.php(286): HomeController->runAction()
#5 C:\xampp\htdocs\music-player\protected\framework\web\CController.php(265): HomeController->runActionWithFilters()
#6 C:\xampp\htdocs\music-player\protected\framework\web\CWebApplication.php(282): HomeController->run()
#7 C:\xampp\htdocs\music-player\protected\framework\web\CWebApplication.php(141): CWebApplication->runController()
#8 C:\xampp\htdocs\music-player\protected\framework\base\CApplication.php(184): CWebApplication->processRequest()
#9 C:\xampp\htdocs\music-player\index.php(13): CWebApplication->run()
REQUEST_URI=/music-player/home/get
in C:\xampp\htdocs\music-player\protected\views\home\play_list.php (2)
in C:\xampp\htdocs\music-player\protected\controllers\HomeController.php (51)
in C:\xampp\htdocs\music-player\index.php (13)
2015/12/04 08:30:17 [error] [php] Invalid argument supplied for foreach() (C:\xampp\htdocs\music-player\protected\views\home\play_list.php:2)
Stack trace:
#0 C:\xampp\htdocs\music-player\protected\framework\web\CController.php(869): HomeController->renderFile()
#1 C:\xampp\htdocs\music-player\protected\controllers\HomeController.php(51): HomeController->renderPartial()
#2 C:\xampp\htdocs\music-player\protected\framework\web\actions\CInlineAction.php(49): HomeController->actionGet()
#3 C:\xampp\htdocs\music-player\protected\framework\web\CController.php(308): CInlineAction->runWithParams()
#4 C:\xampp\htdocs\music-player\protected\framework\web\CController.php(286): HomeController->runAction()
#5 C:\xampp\htdocs\music-player\protected\framework\web\CController.php(265): HomeController->runActionWithFilters()
#6 C:\xampp\htdocs\music-player\protected\framework\web\CWebApplication.php(282): HomeController->run()
#7 C:\xampp\htdocs\music-player\protected\framework\web\CWebApplication.php(141): CWebApplication->runController()
#8 C:\xampp\htdocs\music-player\protected\framework\base\CApplication.php(184): CWebApplication->processRequest()
#9 C:\xampp\htdocs\music-player\index.php(13): CWebApplication->run()
REQUEST_URI=/music-player/home/get
in C:\xampp\htdocs\music-player\protected\views\home\play_list.php (2)
in C:\xampp\htdocs\music-player\protected\controllers\HomeController.php (51)
in C:\xampp\htdocs\music-player\index.php (13)
2015/12/04 11:00:14 [error] [php] Illegal offset type (C:\xampp\htdocs\music-player\protected\controllers\HomeController.php:38)
Stack trace:
#0 C:\xampp\htdocs\music-player\protected\framework\web\CController.php(286): HomeController->runAction()
#1 C:\xampp\htdocs\music-player\protected\framework\web\CController.php(265): HomeController->runActionWithFilters()
#2 C:\xampp\htdocs\music-player\protected\framework\web\CWebApplication.php(282): HomeController->run()
#3 C:\xampp\htdocs\music-player\protected\framework\web\CWebApplication.php(141): CWebApplication->runController()
#4 C:\xampp\htdocs\music-player\protected\framework\base\CApplication.php(184): CWebApplication->processRequest()
#5 C:\xampp\htdocs\music-player\index.php(13): CWebApplication->run()
REQUEST_URI=/music-player/home/get
in C:\xampp\htdocs\music-player\protected\controllers\HomeController.php (38)
in C:\xampp\htdocs\music-player\index.php (13)
2015/12/04 11:01:00 [error] [php] Illegal offset type (C:\xampp\htdocs\music-player\protected\controllers\HomeController.php:40)
Stack trace:
#0 C:\xampp\htdocs\music-player\protected\framework\web\CController.php(286): HomeController->runAction()
#1 C:\xampp\htdocs\music-player\protected\framework\web\CController.php(265): HomeController->runActionWithFilters()
#2 C:\xampp\htdocs\music-player\protected\framework\web\CWebApplication.php(282): HomeController->run()
#3 C:\xampp\htdocs\music-player\protected\framework\web\CWebApplication.php(141): CWebApplication->runController()
#4 C:\xampp\htdocs\music-player\protected\framework\base\CApplication.php(184): CWebApplication->processRequest()
#5 C:\xampp\htdocs\music-player\index.php(13): CWebApplication->run()
REQUEST_URI=/music-player/home/get
in C:\xampp\htdocs\music-player\protected\controllers\HomeController.php (40)
in C:\xampp\htdocs\music-player\index.php (13)
2015/12/04 11:02:26 [error] [php] Illegal offset type (C:\xampp\htdocs\music-player\protected\controllers\HomeController.php:39)
Stack trace:
#0 C:\xampp\htdocs\music-player\protected\framework\web\CController.php(286): HomeController->runAction()
#1 C:\xampp\htdocs\music-player\protected\framework\web\CController.php(265): HomeController->runActionWithFilters()
#2 C:\xampp\htdocs\music-player\protected\framework\web\CWebApplication.php(282): HomeController->run()
#3 C:\xampp\htdocs\music-player\protected\framework\web\CWebApplication.php(141): CWebApplication->runController()
#4 C:\xampp\htdocs\music-player\protected\framework\base\CApplication.php(184): CWebApplication->processRequest()
#5 C:\xampp\htdocs\music-player\index.php(13): CWebApplication->run()
REQUEST_URI=/music-player/home/get
in C:\xampp\htdocs\music-player\protected\controllers\HomeController.php (39)
in C:\xampp\htdocs\music-player\index.php (13)
